<?xml version="1.0" encoding="UTF-8"?>
<!-- Generated by org.testng.reporters.JUnitReportReporter -->
<testsuite hostname="SaiRani" failures="0" tests="1" name="testClasses.MyntraMenTest" time="59.745" errors="0" timestamp="2022-10-16T10:10:19 IST" skipped="0">
  <testcase classname="testClasses.MyntraMenTest" name="getMenClothList" time="59.745"/>
  <system-out/>
</testsuite> <!-- testClasses.MyntraMenTest -->
